Arguments: 
  C:\Program Files\nodejs\node.exe C:\Users\Blake\AppData\Roaming\npm\node_modules\yarn\bin\yarn.js add @angular/material @angular/cdk

PATH: 
  C:\Program Files (x86)\NVIDIA Corporation\PhysX\Common;C:\ProgramData\Oracle\Java\javapath;C:\Program Files\Common Files\Microsoft Shared\Windows Live;C:\Program Files (x86)\Common Files\Microsoft Shared\Windows Live;c:\Program Files (x86)\Intel\iCLS Client\;c:\Program Files\Intel\iCLS Client\;C:\Windows\system32;C:\Windows;C:\Windows\System32\Wbem;C:\Windows\System32\WindowsPowerShell\v1.0\;C:\Program Files\Intel\WiFi\bin\;C:\Program Files\Common Files\Intel\WirelessCommon\;C:\Program Files (x86)\Windows Live\Shared;C:\Program Files (x86)\PharosSystems\Core;C:\Users\Blake\AppData\Local\Smartbar\Application\;C:\Program Files (x86)\QuickTime\QTSystem\;C:\Program Files (x86)\GtkSharp\2.12\bin;C:\Program Files (x86)\Microsoft SQL Server\Client SDK\ODBC\110\Tools\Binn\;C:\Program Files (x86)\Microsoft SQL Server\120\Tools\Binn\;C:\Program Files (x86)\Microsoft SQL Server\120\DTS\Binn\;C:\Program Files (x86)\Microsoft SQL Server\120\Tools\Binn\ManagementStudio\;C:\Program Files (x86)\Windows Kits\8.1\Windows Performance Toolkit\;C:\Program Files\Microsoft SQL Server\110\Tools\Binn\;C:\Program Files (x86)\Microsoft SDKs\TypeScript\1.0\;C:\Program Files\Microsoft SQL Server\120\Tools\Binn\;C:\Program Files\erl8.0\bin;C:\Program Files\Microsoft SQL Server\130\Tools\Binn\;C:\Program Files (x86)\Microsoft SQL Server\110\DTS\Binn\;C:\Program Files (x86)\Microsoft SQL Server\130\DTS\Binn\;C:\Program Files\nodejs\;C:\Windows\System32\WindowsPowerShell\v1.0\;C:\Program Files\Git\cmd;C:\Windows\System32\WindowsPowerShell\v1.0\;C:\Users\Blake\AppData\Local\Smartbar\Application\;C:\Program Files (x86)\Skype\Phone\;C:\Program Files\Microsoft\Web Platform Installer\;C:\Windows\System32\WindowsPowerShell\v1.0\;C:\Ruby22\bin;C:\Users\Blake\AppData\Local\Programs\Python\Python36\Scripts\;C:\Users\Blake\AppData\Local\Programs\Python\Python36\;C:\Users\Blake\AppData\Roaming\npm;C:\Program Files (x86)\Nmap;C:\Program Files\Microsoft VS Code\bin

Yarn version: 
  1.2.1

Node version: 
  6.9.2

Platform: 
  win32 x64

npm manifest: 
  {
    "name": "game",
    "version": "0.0.0",
    "license": "MIT",
    "scripts": {
      "ng": "ng",
      "start": "ng serve",
      "build": "ng build",
      "test": "ng test",
      "lint": "ng lint",
      "e2e": "ng e2e"
    },
    "private": true,
    "dependencies": {
      "@angular/animations": "^5.0.0",
      "@angular/common": "^5.0.0",
      "@angular/compiler": "^5.0.0",
      "@angular/core": "^5.0.0",
      "@angular/forms": "^5.0.0",
      "@angular/http": "^5.0.0",
      "@angular/platform-browser": "^5.0.0",
      "@angular/platform-browser-dynamic": "^5.0.0",
      "@angular/router": "^5.0.0",
      "core-js": "^2.4.1",
      "rxjs": "^5.5.2",
      "zone.js": "^0.8.14"
    },
    "devDependencies": {
      "@angular/cli": "1.5.0",
      "@angular/compiler-cli": "^5.0.0",
      "@angular/language-service": "^5.0.0",
      "@types/jasmine": "~2.5.53",
      "@types/jasminewd2": "~2.0.2",
      "@types/node": "~6.0.60",
      "codelyzer": "~3.2.0",
      "jasmine-core": "~2.6.2",
      "jasmine-spec-reporter": "~4.1.0",
      "karma": "~1.7.0",
      "karma-chrome-launcher": "~2.1.1",
      "karma-cli": "~1.0.1",
      "karma-coverage-istanbul-reporter": "^1.2.1",
      "karma-jasmine": "~1.1.0",
      "karma-jasmine-html-reporter": "^0.2.2",
      "protractor": "~5.1.2",
      "ts-node": "~3.2.0",
      "tslint": "~5.7.0",
      "typescript": "~2.4.2"
    }
  }

yarn manifest: 
  No manifest

Lockfile: 
  No lockfile

Trace: 
  Error: https://registry.yarnpkg.com/@angular/common/-/common-5.0.0.tgz: ESOCKETTIMEDOUT
      at ClientRequest.<anonymous> (C:\Users\Blake\AppData\Roaming\npm\node_modules\yarn\lib\cli.js:123642:19)
      at ClientRequest.g (events.js:291:16)
      at emitNone (events.js:86:13)
      at ClientRequest.emit (events.js:185:7)
      at TLSSocket.emitTimeout (_http_client.js:620:10)
      at TLSSocket.g (events.js:291:16)
      at emitNone (events.js:86:13)
      at TLSSocket.emit (events.js:185:7)
      at TLSSocket.Socket._onTimeout (net.js:339:8)
      at ontimeout (timers.js:365:14)
